{20/05/2015 18:28:19} [0;34m[1mINFO   [0m - Setting Config['name'] to "Nick"
{20/05/2015 18:28:19} [0;34m[1mINFO   [0m - Getting Config['name']
{20/05/2015 18:28:19} [0;36m[1mNOTICE [0m - Config function called: setName
{20/05/2015 19:28:44} [0;34m[1mINFO   [0m - Setting Config['name'] to "Nick"
{20/05/2015 19:28:44} [0;34m[1mINFO   [0m - Getting Config['name']
{20/05/2015 19:28:44} [0;36m[1mNOTICE [0m - Config function called: setName
{20/05/2015 19:29:39} [0;34m[1mINFO   [0m - Setting Config['name'] to "Nick"
{20/05/2015 19:29:39} [0;34m[1mINFO   [0m - Getting Config['name']
{20/05/2015 19:29:39} [0;36m[1mNOTICE [0m - Config function called: setName
{20/05/2015 19:33:56} [0;34m[1mINFO   [0m - Setting Config['name'] to "Nick"
{20/05/2015 19:33:56} [0;34m[1mINFO   [0m - Getting Config['name']
{20/05/2015 19:33:56} [0;36m[1mNOTICE [0m - Config function called: setName
{20/05/2015 19:34:23} [0;34m[1mINFO   [0m - Setting Config['name'] to "Nick"
{20/05/2015 19:34:23} [0;34m[1mINFO   [0m - Getting Config['name']
{20/05/2015 19:34:23} [0;36m[1mNOTICE [0m - Config function called: setName
{20/05/2015 19:34:23} [0;36m[1mNOTICE [0m - Config function called: getName
{20/05/2015 19:35:07} [0;34m[1mINFO   [0m - Setting Config['name'] to "Nick"
{20/05/2015 19:35:07} [0;34m[1mINFO   [0m - Getting Config['name']
{20/05/2015 19:35:07} [0;36m[1mNOTICE [0m - Config function called: setName
{20/05/2015 19:35:07} [0;36m[1mNOTICE [0m - Config function called: getName
{20/05/2015 19:35:34} [0;34m[1mINFO   [0m - Setting Config['name'] to "Nick"
{20/05/2015 19:35:34} [0;34m[1mINFO   [0m - Getting Config['name']
{20/05/2015 19:35:34} [0;36m[1mNOTICE [0m - Config function called: setName
{20/05/2015 19:35:34} [0;36m[1mNOTICE [0m - Config function called: getName
{20/05/2015 19:36:07} [0;34m[1mINFO   [0m - Setting Config['name'] to "Nick"
{20/05/2015 19:36:07} [0;34m[1mINFO   [0m - Getting Config['name']
{20/05/2015 19:36:07} [0;36m[1mNOTICE [0m - Config function called: setName
{20/05/2015 19:36:07} [0;36m[1mNOTICE [0m - Config function called: getName
{20/05/2015 19:36:20} [0;34m[1mINFO   [0m - Setting Config['name'] to "Nick"
{20/05/2015 19:36:20} [0;34m[1mINFO   [0m - Getting Config['name']
{20/05/2015 19:36:20} [0;36m[1mNOTICE [0m - Config function called: setName
{20/05/2015 19:36:20} [0;36m[1mNOTICE [0m - Config function called: getName
{20/05/2015 19:42:49} [0;34m[1mINFO   [0m - Setting Config['name'] to "Nick"
{20/05/2015 19:42:49} [0;34m[1mINFO   [0m - Getting Config['name']
{20/05/2015 19:42:49} [0;36m[1mNOTICE [0m - Config function called: setName
{20/05/2015 19:42:49} [0;36m[1mNOTICE [0m - Config function called: getName
{20/05/2015 19:43:05} [0;34m[1mINFO   [0m - Setting Config['name'] to "Nick"
{20/05/2015 19:43:05} [0;34m[1mINFO   [0m - Getting Config['name']
{20/05/2015 19:43:05} [0;36m[1mNOTICE [0m - Config function called: setName
{20/05/2015 19:43:05} [0;36m[1mNOTICE [0m - Config function called: getName
{20/05/2015 19:43:36} [0;36m[1mNOTICE [0m - Config function called: setName
{20/05/2015 19:43:36} [0;36m[1mNOTICE [0m - Config function called: getName
{20/05/2015 19:43:36} [0;34m[1mINFO   [0m - Setting Config['name'] to "Nick"
{20/05/2015 19:43:36} [0;34m[1mINFO   [0m - Getting Config['name']
{20/05/2015 19:50:20} [0;36m[1mNOTICE [0m - Config function called: setName
{20/05/2015 19:50:20} [0;36m[1mNOTICE [0m - Config function called: getName
{20/05/2015 19:50:20} [0;34m[1mINFO   [0m - Setting Config['name'] to "Nick"
{20/05/2015 19:50:20} [0;34m[1mINFO   [0m - Getting Config['name']
{20/05/2015 19:50:48} [0;36m[1mNOTICE [0m - Config function called: setName
{20/05/2015 19:50:48} [0;36m[1mNOTICE [0m - Config function called: getName
{20/05/2015 19:50:48} [0;34m[1mINFO   [0m - Setting Config['name'] to "Nick"
{20/05/2015 19:50:48} [0;34m[1mINFO   [0m - Getting Config['name']
{20/05/2015 19:55:49} [0;36m[1mNOTICE [0m - Config function called: setName
{20/05/2015 19:55:49} [0;36m[1mNOTICE [0m - Config function called: getName
{20/05/2015 19:55:49} [0;34m[1mINFO   [0m - Setting Config['name'] to "Nick"
{20/05/2015 19:55:49} [0;34m[1mINFO   [0m - Getting Config['name']
{20/05/2015 19:56:08} [0;36m[1mNOTICE [0m - Config function called: setName
{20/05/2015 19:56:08} [0;36m[1mNOTICE [0m - Config function called: getName
{20/05/2015 19:56:08} [0;34m[1mINFO   [0m - Setting Config['name'] to "Nick"
{20/05/2015 19:56:08} [0;34m[1mINFO   [0m - Getting Config['name']
{20/05/2015 20:02:46} [0;36m[1mNOTICE [0m - Config function called: setName
{20/05/2015 20:02:46} [0;36m[1mNOTICE [0m - Config function called: getName
{20/05/2015 20:02:46} [0;34m[1mINFO   [0m - Setting Config['name'] to "Nick"
{20/05/2015 20:02:46} [0;34m[1mINFO   [0m - Getting Config['name']
{20/05/2015 20:03:02} [0;36m[1mNOTICE [0m - Config function called: setName
{20/05/2015 20:03:02} [0;36m[1mNOTICE [0m - Config function called: getName
{20/05/2015 20:03:02} [0;34m[1mINFO   [0m - Setting Config['name'] to "Nick"
{20/05/2015 20:03:02} [0;34m[1mINFO   [0m - Getting Config['name']
{20/05/2015 20:07:26} [0;36m[1mNOTICE [0m - Config function called: setName
{20/05/2015 20:07:26} [0;36m[1mNOTICE [0m - Config function called: getName
{20/05/2015 20:07:26} [0;34m[1mINFO   [0m - Setting Config['name'] to "Nick"
{20/05/2015 20:07:26} [0;34m[1mINFO   [0m - Getting Config['name']
{20/05/2015 20:08:11} [0;36m[1mNOTICE [0m - Config function called: setName
{20/05/2015 20:08:11} [0;36m[1mNOTICE [0m - Config function called: getName
{20/05/2015 20:08:11} [0;34m[1mINFO   [0m - Setting Config['name'] to "Nick"
{20/05/2015 20:08:11} [0;34m[1mINFO   [0m - Getting Config['name']
{20/05/2015 20:21:05} [0;36m[1mNOTICE [0m - Config function called: setName
{20/05/2015 20:21:05} [0;36m[1mNOTICE [0m - Config function called: getName
{20/05/2015 20:21:05} [0;36m[1mNOTICE [0m - Config function called: setTestTest
{20/05/2015 20:21:05} [0;36m[1mNOTICE [0m - Config function called: getTestTest
{20/05/2015 20:21:05} [0;34m[1mINFO   [0m - Setting Config['name'] to "Nick"
{20/05/2015 20:21:05} [0;34m[1mINFO   [0m - Getting Config['name']
{20/05/2015 20:23:17} [0;36m[1mNOTICE [0m - Config function called: setName
{20/05/2015 20:23:17} [0;36m[1mNOTICE [0m - Config function called: getName
{20/05/2015 20:23:17} [0;36m[1mNOTICE [0m - Config function called: setTestTest
{20/05/2015 20:23:17} [0;36m[1mNOTICE [0m - Config function called: getTestTest
{20/05/2015 20:23:17} [0;34m[1mINFO   [0m - Setting Config['name'] to "Nick"
{20/05/2015 20:23:17} [0;34m[1mINFO   [0m - Getting Config['name']
{20/05/2015 20:28:12} [0;36m[1mNOTICE [0m - Config function called: setName
{20/05/2015 20:28:12} [0;36m[1mNOTICE [0m - Config function called: getName
{20/05/2015 20:28:12} [0;36m[1mNOTICE [0m - Config function called: setTestTest
{20/05/2015 20:28:12} [0;36m[1mNOTICE [0m - Config function called: getTestTest
{20/05/2015 20:28:12} [0;34m[1mINFO   [0m - Setting Config['name'] to "Nick"
{20/05/2015 20:28:12} [0;34m[1mINFO   [0m - Getting Config['name']
{20/05/2015 20:28:48} [0;36m[1mNOTICE [0m - Config function called: setName
{20/05/2015 20:28:48} [0;36m[1mNOTICE [0m - Config function called: getName
{20/05/2015 20:28:48} [0;36m[1mNOTICE [0m - Config function called: setTestTest
{20/05/2015 20:28:48} [0;36m[1mNOTICE [0m - Config function called: getTestTest
{20/05/2015 20:28:48} [0;34m[1mINFO   [0m - Setting Config['name'] to "Nick"
{20/05/2015 20:28:48} [0;34m[1mINFO   [0m - Getting Config['name']
{20/05/2015 20:29:25} [0;36m[1mNOTICE [0m - Config function called: setName
{20/05/2015 20:29:25} [0;36m[1mNOTICE [0m - Config function called: getName
{20/05/2015 20:29:25} [0;36m[1mNOTICE [0m - Config function called: setTestTest
{20/05/2015 20:29:25} [0;36m[1mNOTICE [0m - Config function called: getTestTest
{20/05/2015 20:29:25} [0;34m[1mINFO   [0m - Setting Config['name'] to "Nick"
{20/05/2015 20:29:25} [0;34m[1mINFO   [0m - Getting Config['name']
{20/05/2015 20:33:46} [0;36m[1mNOTICE [0m - Config function called: setName
{20/05/2015 20:33:46} [0;36m[1mNOTICE [0m - Config function called: getName
{20/05/2015 20:33:46} [0;36m[1mNOTICE [0m - Config function called: setTestTest
{20/05/2015 20:33:46} [0;36m[1mNOTICE [0m - Config function called: getTestTest
{20/05/2015 20:33:46} [0;34m[1mINFO   [0m - Setting Config['name'] to "Nick"
{20/05/2015 20:33:46} [0;34m[1mINFO   [0m - Getting Config['name']
{20/05/2015 20:36:27} [0;36m[1mNOTICE [0m - Config function called: setName
{20/05/2015 20:36:27} [0;36m[1mNOTICE [0m - Config function called: getName
{20/05/2015 20:36:27} [0;36m[1mNOTICE [0m - Config function called: setTestTest
{20/05/2015 20:36:27} [0;36m[1mNOTICE [0m - Config function called: getTestTest
{20/05/2015 20:36:27} [0;34m[1mINFO   [0m - Setting Config['name'] to "Nick"
{20/05/2015 20:36:27} [0;34m[1mINFO   [0m - Getting Config['name']
{20/05/2015 20:41:15} [0;36m[1mNOTICE [0m - Config function called: setName
{20/05/2015 20:41:15} [0;36m[1mNOTICE [0m - Config function called: getName
{20/05/2015 20:41:15} [0;36m[1mNOTICE [0m - Config function called: setTestTest
{20/05/2015 20:41:15} [0;36m[1mNOTICE [0m - Config function called: getTestTest
{20/05/2015 20:41:15} [0;34m[1mINFO   [0m - Setting Config['name'] to "Nick"
{20/05/2015 20:41:15} [0;34m[1mINFO   [0m - Getting Config['name']
{20/05/2015 20:43:14} [0;36m[1mNOTICE [0m - Config function called: setName
{20/05/2015 20:43:14} [0;36m[1mNOTICE [0m - Config function called: getName
{20/05/2015 20:43:14} [0;36m[1mNOTICE [0m - Config function called: setTestTest
{20/05/2015 20:43:14} [0;36m[1mNOTICE [0m - Config function called: getTestTest
{20/05/2015 20:43:14} [0;34m[1mINFO   [0m - Setting Config['name'] to "Nick"
{20/05/2015 20:43:14} [0;34m[1mINFO   [0m - Getting Config['name']
{20/05/2015 20:43:27} [0;36m[1mNOTICE [0m - Config function called: setName
{20/05/2015 20:43:37} [0;36m[1mNOTICE [0m - Config function called: setName
{20/05/2015 20:43:37} [0;36m[1mNOTICE [0m - Config function called: getName
{20/05/2015 20:43:37} [0;36m[1mNOTICE [0m - Config function called: setTestTest
{20/05/2015 20:43:37} [0;36m[1mNOTICE [0m - Config function called: getTestTest
{20/05/2015 20:43:37} [0;34m[1mINFO   [0m - Setting Config['name'] to "Nick"
{20/05/2015 20:43:37} [0;34m[1mINFO   [0m - Getting Config['name']
{20/05/2015 20:44:05} [0;36m[1mNOTICE [0m - Config function called: setName
{20/05/2015 20:44:05} [0;36m[1mNOTICE [0m - Config function called: getName
{20/05/2015 20:44:05} [0;36m[1mNOTICE [0m - Config function called: setTestTest
{20/05/2015 20:44:05} [0;36m[1mNOTICE [0m - Config function called: getTestTest
{20/05/2015 20:44:05} [0;34m[1mINFO   [0m - Setting Config['name'] to "Nick"
{20/05/2015 20:44:05} [0;34m[1mINFO   [0m - Getting Config['name']
{20/05/2015 20:44:36} [0;36m[1mNOTICE [0m - Config function called: setName
{20/05/2015 20:44:36} [0;36m[1mNOTICE [0m - Config function called: getName
{20/05/2015 20:44:36} [0;36m[1mNOTICE [0m - Config function called: setTestTest
{20/05/2015 20:44:36} [0;36m[1mNOTICE [0m - Config function called: getTestTest
{20/05/2015 20:44:36} [0;34m[1mINFO   [0m - Setting Config['name'] to "Nick"
{20/05/2015 20:44:36} [0;34m[1mINFO   [0m - Getting Config['name']
{20/05/2015 20:45:52} [0;36m[1mNOTICE [0m - Config function called: setName
{20/05/2015 20:45:52} [0;36m[1mNOTICE [0m - Config function called: getName
{20/05/2015 20:45:52} [0;34m[1mINFO   [0m - Looking for name in config
{20/05/2015 20:45:59} [0;36m[1mNOTICE [0m - Config function called: setName
{20/05/2015 20:45:59} [0;36m[1mNOTICE [0m - Config function called: getName
{20/05/2015 20:45:59} [0;34m[1mINFO   [0m - Looking for name in config
{20/05/2015 20:45:59} [0;36m[1mNOTICE [0m - Config function called: setTestTest
{20/05/2015 20:45:59} [0;36m[1mNOTICE [0m - Config function called: getTestTest
{20/05/2015 20:45:59} [0;34m[1mINFO   [0m - Looking for test-test in config
{20/05/2015 20:45:59} [0;34m[1mINFO   [0m - Setting Config['name'] to "Nick"
{20/05/2015 20:45:59} [0;34m[1mINFO   [0m - Getting Config['name']
{20/05/2015 20:46:06} [0;36m[1mNOTICE [0m - Config function called: setName
{20/05/2015 20:46:06} [0;36m[1mNOTICE [0m - Config function called: getName
{20/05/2015 20:46:06} [0;34m[1mINFO   [0m - Looking for name in config
{20/05/2015 20:46:06} [0;36m[1mNOTICE [0m - Config function called: setTestTest
{20/05/2015 20:46:06} [0;36m[1mNOTICE [0m - Config function called: getTestTest
{20/05/2015 20:46:06} [0;34m[1mINFO   [0m - Looking for test-test in config
{20/05/2015 20:46:06} [0;34m[1mINFO   [0m - Setting Config['name'] to "Nick"
{20/05/2015 20:46:06} [0;34m[1mINFO   [0m - Getting Config['name']
{20/05/2015 20:46:25} [0;36m[1mNOTICE [0m - Config function called: setName
{20/05/2015 20:46:25} [0;36m[1mNOTICE [0m - Config function called: getName
{20/05/2015 20:46:25} [0;34m[1mINFO   [0m - Looking for name in config
{20/05/2015 20:46:25} [0;36m[1mNOTICE [0m - Config function called: setTestTest
{20/05/2015 20:46:25} [0;36m[1mNOTICE [0m - Config function called: getTestTest
{20/05/2015 20:46:25} [0;34m[1mINFO   [0m - Looking for test-test in config
{20/05/2015 20:46:25} [0;34m[1mINFO   [0m - Setting Config['name'] to "Nick"
{20/05/2015 20:46:25} [0;34m[1mINFO   [0m - Getting Config['name']
{20/05/2015 20:46:43} [0;36m[1mNOTICE [0m - Config function called: setName
{20/05/2015 20:46:43} [0;36m[1mNOTICE [0m - Config function called: getName
{20/05/2015 20:46:43} [0;34m[1mINFO   [0m - Looking for name in config
{20/05/2015 20:46:57} [0;36m[1mNOTICE [0m - Config function called: setName
{20/05/2015 20:46:57} [0;36m[1mNOTICE [0m - Config function called: getName
{20/05/2015 20:46:57} [0;34m[1mINFO   [0m - Looking for name in config
{20/05/2015 20:46:57} [0;36m[1mNOTICE [0m - Config function called: setTestTest
{20/05/2015 20:46:57} [0;36m[1mNOTICE [0m - Config function called: getTestTest
{20/05/2015 20:46:57} [0;34m[1mINFO   [0m - Looking for test-test in config
{20/05/2015 20:46:57} [0;34m[1mINFO   [0m - Setting Config['name'] to "Nick"
{20/05/2015 20:46:57} [0;34m[1mINFO   [0m - Getting Config['name']
{20/05/2015 20:47:23} [0;36m[1mNOTICE [0m - Config function called: setName
{20/05/2015 20:47:23} [0;36m[1mNOTICE [0m - Config function called: getName
{20/05/2015 20:47:23} [0;34m[1mINFO   [0m - Looking for name in config
{20/05/2015 20:47:23} [0;36m[1mNOTICE [0m - Config function called: setTestTest
{20/05/2015 20:47:23} [0;36m[1mNOTICE [0m - Config function called: getTestTest
{20/05/2015 20:47:23} [0;34m[1mINFO   [0m - Looking for test-test in config
{20/05/2015 20:47:23} [0;34m[1mINFO   [0m - Setting Config['name'] to "Nick"
{20/05/2015 20:47:23} [0;34m[1mINFO   [0m - Getting Config['name']
{20/05/2015 20:47:41} [0;36m[1mNOTICE [0m - Config function called: setName
{20/05/2015 20:47:41} [0;36m[1mNOTICE [0m - Config function called: getName
{20/05/2015 20:47:41} [0;34m[1mINFO   [0m - Looking for name in config
{20/05/2015 20:47:41} [0;36m[1mNOTICE [0m - Config function called: setTestTest
{20/05/2015 20:47:41} [0;36m[1mNOTICE [0m - Config function called: getTestTest
{20/05/2015 20:47:41} [0;34m[1mINFO   [0m - Looking for test-test in config
{20/05/2015 20:47:41} [0;34m[1mINFO   [0m - Setting Config['name'] to "Nick"
{20/05/2015 20:47:41} [0;34m[1mINFO   [0m - Getting Config['name']
{20/05/2015 20:49:18} [0;36m[1mNOTICE [0m - Config function called: setName
{20/05/2015 20:49:18} [0;36m[1mNOTICE [0m - Config function called: getName
{20/05/2015 20:49:18} [0;34m[1mINFO   [0m - Looking for name in config
{20/05/2015 20:49:18} [0;36m[1mNOTICE [0m - Config function called: setTestTest
{20/05/2015 20:49:18} [0;36m[1mNOTICE [0m - Config function called: getTestTest
{20/05/2015 20:49:18} [0;34m[1mINFO   [0m - Looking for test-test in config
{20/05/2015 20:49:18} [0;34m[1mINFO   [0m - Setting Config['name'] to "Nick"
{20/05/2015 20:49:18} [0;34m[1mINFO   [0m - Getting Config['name']
{20/05/2015 20:49:45} [0;36m[1mNOTICE [0m - Config function called: setName
{20/05/2015 20:49:45} [0;36m[1mNOTICE [0m - Config function called: getName
{20/05/2015 20:49:45} [0;34m[1mINFO   [0m - Looking for name in config
{20/05/2015 20:49:45} [0;36m[1mNOTICE [0m - Config function called: setTestTest
{20/05/2015 20:49:45} [0;36m[1mNOTICE [0m - Config function called: getTestTest
{20/05/2015 20:49:45} [0;34m[1mINFO   [0m - Looking for test-test in config
{20/05/2015 20:49:45} [0;34m[1mINFO   [0m - Setting Config['name'] to "Nick"
{20/05/2015 20:49:45} [0;34m[1mINFO   [0m - Getting Config['name']
